<?xml version="1.0" encoding="UTF-8"?>
<!-- Generated by org.testng.reporters.JUnitXMLReporter -->
<testsuite hostname="Sans" ignored="0" name="Test" tests="46" failures="4" timestamp="2021-11-08T11:44:40 IST" time="496.285" errors="0">
  <testcase name="validateMyProfilePageTitle" time="5.647" classname="Pages_Test.MyProfilePage_Tests"/>
  <testcase name="validateMyProfilePage_Components_Description_Field_Accepts_Values" time="5.556" classname="Pages_Test.MyProfilePage_Tests"/>
  <testcase name="validateMyProfilePage_Components_DisplayName_With_SpecialCharacters" time="6.611" classname="Pages_Test.MyProfilePage_Tests"/>
  <testcase name="validateMyProfilePage_Components_Display_Field_Accepts_Values" time="4.854" classname="Pages_Test.MyProfilePage_Tests"/>
  <testcase name="validateMyProfilePage_Components_Editable_Description_Field" time="4.74" classname="Pages_Test.MyProfilePage_Tests"/>
  <testcase name="validateMyProfilePage_Components_Editable_DisplayName_Field" time="4.896" classname="Pages_Test.MyProfilePage_Tests"/>
  <testcase name="validateMyProfilePage_Components_Editable_FirstName_Field" time="4.57" classname="Pages_Test.MyProfilePage_Tests"/>
  <testcase name="validateMyProfilePage_Components_Editable_LastName_Field" time="4.602" classname="Pages_Test.MyProfilePage_Tests"/>
  <testcase name="validateMyProfilePage_Components_FirstName_Field_Accepts_Values" time="5.014" classname="Pages_Test.MyProfilePage_Tests"/>
  <testcase name="validateMyProfilePage_Components_Label_Text_DisplayName" time="5.128" classname="Pages_Test.MyProfilePage_Tests"/>
  <testcase name="validateMyProfilePage_Components_Label_Text_FirstName" time="4.776" classname="Pages_Test.MyProfilePage_Tests"/>
  <testcase name="validateMyProfilePage_Components_Label_Text_LastName" time="5.101" classname="Pages_Test.MyProfilePage_Tests"/>
  <testcase name="validateMyProfilePage_Components_LastName_Field_Accepts_Values" time="5.056" classname="Pages_Test.MyProfilePage_Tests"/>
  <testcase name="validateMyProfilePage_Components_PhotoStatus_Description_Message" time="4.851" classname="Pages_Test.MyProfilePage_Tests"/>
  <testcase name="validateMyProfilePage_Components_Visibility_AddProfileButton" time="4.699" classname="Pages_Test.MyProfilePage_Tests"/>
  <testcase name="validateMyProfilePage_Components_Visibility_AddProfile_AddURL_Button" time="5.087" classname="Pages_Test.MyProfilePage_Tests"/>
  <testcase name="validateMyProfilePage_Components_Visibility_ChangePhotoLink" time="4.623" classname="Pages_Test.MyProfilePage_Tests"/>
  <testcase name="validateMyProfilePage_Components_Visibility_Description_Field" time="4.715" classname="Pages_Test.MyProfilePage_Tests"/>
  <testcase name="validateMyProfilePage_Components_Visibility_DisplayName_Field" time="4.858" classname="Pages_Test.MyProfilePage_Tests"/>
  <testcase name="validateMyProfilePage_Components_Visibility_FirstName_Field" time="5.0" classname="Pages_Test.MyProfilePage_Tests"/>
  <testcase name="validateMyProfilePage_Components_Visibility_GrAvatarLink" time="20.027" classname="Pages_Test.MyProfilePage_Tests"/>
  <testcase name="validateMyProfilePage_Components_Visibility_GravatarProfileDeleteLink" time="4.869" classname="Pages_Test.MyProfilePage_Tests"/>
  <testcase name="validateMyProfilePage_Components_Visibility_HelpButton" time="4.907" classname="Pages_Test.MyProfilePage_Tests"/>
  <testcase name="validateMyProfilePage_Components_Visibility_LastName_Field" time="5.799" classname="Pages_Test.MyProfilePage_Tests"/>
  <testcase name="validateMyProfilePage_Components_Visibility_PopoverButton" time="5.232" classname="Pages_Test.MyProfilePage_Tests"/>
  <testcase name="validateMyProfilePage_Components_Visibility_SaveDetailsButton" time="5.198" classname="Pages_Test.MyProfilePage_Tests"/>
  <testcase name="validateMyProfilePage_Components_Visibility_ToggleButton" time="4.739" classname="Pages_Test.MyProfilePage_Tests">
    <failure type="java.lang.AssertionError" message="expected [true] but found [false]">
      <![CDATA[java.lang.AssertionError: expected [true] but found [false]
at Pages_Test.MyProfilePage_Tests.validateMyProfilePage_Components_Visibility_ToggleButton(MyProfilePage_Tests.java:84)
at java.util.ArrayList.forEach(ArrayList.java:1249)
... Removed 31 stack frames]]>
    </failure>
  </testcase> <!-- validateMyProfilePage_Components_Visibility_ToggleButton -->
  <testcase name="validateMyProfilePage_Links_GrAvatarLoginLink" time="7.16" classname="Pages_Test.MyProfilePage_Tests"/>
  <testcase name="validateMyProfilePage_Links_GrAvatarProfileLink" time="6.694" classname="Pages_Test.MyProfilePage_Tests">
    <failure type="java.lang.AssertionError" message="expected [https://en.gravatar.com/] but found [https://en.gravatar.com/sandeeppuppala12]">
      <![CDATA[java.lang.AssertionError: expected [https://en.gravatar.com/] but found [https://en.gravatar.com/sandeeppuppala12]
at Pages_Test.MyProfilePage_Tests.validateMyProfilePage_Links_GrAvatarProfileLink(MyProfilePage_Tests.java:260)
at java.util.ArrayList.forEach(ArrayList.java:1249)
... Removed 32 stack frames]]>
    </failure>
  </testcase> <!-- validateMyProfilePage_Links_GrAvatarProfileLink -->
  <testcase name="validateMyProfilePage_NoURLText_Visibility_Before_ProfileLink_Add_URL_AddSite_Functionality" time="19.912" classname="Pages_Test.MyProfilePage_Tests"/>
  <testcase name="validateMyProfilePage_ProfileLink_Add_URL_AddSite_Button_Functionality_With_ExistingData" time="20.953" classname="Pages_Test.MyProfilePage_Tests">
    <failure type="java.lang.AssertionError" message="expected [true] but found [false]">
      <![CDATA[java.lang.AssertionError: expected [true] but found [false]
at Pages_Test.MyProfilePage_Tests.validateMyProfilePage_ProfileLink_Add_URL_AddSite_Button_Functionality_With_ExistingData(MyProfilePage_Tests.java:385)
at java.util.ArrayList.forEach(ArrayList.java:1249)
... Removed 31 stack frames]]>
    </failure>
  </testcase> <!-- validateMyProfilePage_ProfileLink_Add_URL_AddSite_Button_Functionality_With_ExistingData -->
  <testcase name="validateMyProfilePage_ProfileLink_Add_URL_AddSite_Button_Functionality_With_Valid_URL_Format_And_Description" time="5.945" classname="Pages_Test.MyProfilePage_Tests"/>
  <testcase name="validateMyProfilePage_ProfileLink_Add_URL_AddSite_Button_isEnabled" time="5.74" classname="Pages_Test.MyProfilePage_Tests"/>
  <testcase name="validateMyProfilePage_ProfileLink_Add_URL_AddSite_Button_isEnabled_With_Invalide_URL_Format" time="5.594" classname="Pages_Test.MyProfilePage_Tests"/>
  <testcase name="validateMyProfilePage_ProfileLink_Add_WordPressSite_Functionality" time="6.381" classname="Pages_Test.MyProfilePage_Tests"/>
  <testcase name="validateMyProfilePage_SaveDetailsButton_Functionality_AnyText_Field_Space" time="4.815" classname="Pages_Test.MyProfilePage_Tests"/>
  <testcase name="validateMyProfilePage_SaveDetailsButton_Functionality_AnyText_Field_Text" time="4.871" classname="Pages_Test.MyProfilePage_Tests"/>
  <testcase name="validateMyProfilePage_SaveDetailsButton_Functionality_Change_Toggle_Button" time="4.768" classname="Pages_Test.MyProfilePage_Tests"/>
  <testcase name="validateMyProfilePage_SaveDetailsButton_Functionality_Default" time="4.599" classname="Pages_Test.MyProfilePage_Tests"/>
  <testcase name="validateMyProfilePage_SaveDetailsButton_Functionality_Enter_FirstName" time="19.802" classname="Pages_Test.MyProfilePage_Tests"/>
  <testcase name="validateMyProfilePage_Components_Label_Text_Description" time="4.639" classname="Pages_Test.MyProfilePage_Tests"/>
  <testcase name="validateMyProfilePage_Components_Visibility_AddProfile_AddWordPressSite_Button" time="4.697" classname="Pages_Test.MyProfilePage_Tests"/>
  <testcase name="validateMyProfilePage_Components_Visibility_GravatarProfileLink" time="5.001" classname="Pages_Test.MyProfilePage_Tests"/>
  <testcase name="validateMyProfilePage_ProfileLink_Add_URL_AddSite_Button_isEnabled_With_Valid_URL_Format_And_Description" time="5.456" classname="Pages_Test.MyProfilePage_Tests"/>
  <testcase name="validateMyProfilePage_ProfileLink_Add_URL_AddedSite_Delete_Functionality" time="4.688" classname="Pages_Test.MyProfilePage_Tests">
    <failure type="java.lang.AssertionError" message="expected [false] but found [true]">
      <![CDATA[java.lang.AssertionError: expected [false] but found [true]
at Pages_Test.MyProfilePage_Tests.validateMyProfilePage_ProfileLink_Add_URL_AddedSite_Delete_Functionality(MyProfilePage_Tests.java:397)
at java.util.ArrayList.forEach(ArrayList.java:1249)
... Removed 31 stack frames]]>
    </failure>
  </testcase> <!-- validateMyProfilePage_ProfileLink_Add_URL_AddedSite_Delete_Functionality -->
  <testcase name="validateMyProfilePage_SaveDetailsButton_Functionality_Assert_Saved_Data" time="4.7" classname="Pages_Test.MyProfilePage_Tests"/>
</testsuite> <!-- Test -->
