<?xml version="1.0" encoding="UTF-8"?>
<!-- Generated by org.testng.reporters.JUnitReportReporter -->
<testsuite skipped="0" hostname="Sans" name="Pages_Test.MyProfilePage_Tests" tests="46" failures="4" timestamp="2021-11-08T11:44:40 IST" time="496.197" errors="0">
  <testcase name="validateMyProfilePage_Components_Visibility_GravatarProfileLink" time="9.496" classname="Pages_Test.MyProfilePage_Tests"/>
  <system-out/>
  <testcase name="validateMyProfilePage_Components_Label_Text_FirstName" time="8.686" classname="Pages_Test.MyProfilePage_Tests"/>
  <system-out/>
  <testcase name="validateMyProfilePage_Components_Visibility_PopoverButton" time="9.163" classname="Pages_Test.MyProfilePage_Tests"/>
  <system-out/>
  <testcase name="validateMyProfilePage_SaveDetailsButton_Functionality_AnyText_Field_Text" time="8.830" classname="Pages_Test.MyProfilePage_Tests"/>
  <system-out/>
  <testcase name="validateMyProfilePage_ProfileLink_Add_URL_AddSite_Button_Functionality_With_ExistingData" time="25.328" classname="Pages_Test.MyProfilePage_Tests">
    <failure type="java.lang.AssertionError" message="expected [true] but found [false]">
      <![CDATA[java.lang.AssertionError: expected [true] but found [false]
at org.testng.Assert.fail(Assert.java:97)
at org.testng.Assert.failNotEquals(Assert.java:969)
at org.testng.Assert.assertTrue(Assert.java:43)
at org.testng.Assert.assertTrue(Assert.java:53)
at Pages_Test.MyProfilePage_Tests.validateMyProfilePage_ProfileLink_Add_URL_AddSite_Button_Functionality_With_ExistingData(MyProfilePage_Tests.java:385)
at sun.reflect.NativeMethodAccessorImpl.invoke0(Native Method)
at sun.reflect.NativeMethodAccessorImpl.invoke(NativeMethodAccessorImpl.java:62)
at sun.reflect.DelegatingMethodAccessorImpl.invoke(DelegatingMethodAccessorImpl.java:43)
at java.lang.reflect.Method.invoke(Method.java:498)
at org.testng.internal.MethodInvocationHelper.invokeMethod(MethodInvocationHelper.java:134)
at org.testng.internal.TestInvoker.invokeMethod(TestInvoker.java:597)
at org.testng.internal.TestInvoker.invokeTestMethod(TestInvoker.java:173)
at org.testng.internal.MethodRunner.runInSequence(MethodRunner.java:46)
at org.testng.internal.TestInvoker$MethodInvocationAgent.invoke(TestInvoker.java:816)
at org.testng.internal.TestInvoker.invokeTestMethods(TestInvoker.java:146)
at org.testng.internal.TestMethodWorker.invokeTestMethods(TestMethodWorker.java:146)
at org.testng.internal.TestMethodWorker.run(TestMethodWorker.java:128)
at java.util.ArrayList.forEach(ArrayList.java:1249)
at org.testng.TestRunner.privateRun(TestRunner.java:766)
at org.testng.TestRunner.run(TestRunner.java:587)
at org.testng.SuiteRunner.runTest(SuiteRunner.java:384)
at org.testng.SuiteRunner.runSequentially(SuiteRunner.java:378)
at org.testng.SuiteRunner.privateRun(SuiteRunner.java:337)
at org.testng.SuiteRunner.run(SuiteRunner.java:286)
at org.testng.SuiteRunnerWorker.runSuite(SuiteRunnerWorker.java:53)
at org.testng.SuiteRunnerWorker.run(SuiteRunnerWorker.java:96)
at org.testng.TestNG.runSuitesSequentially(TestNG.java:1187)
at org.testng.TestNG.runSuitesLocally(TestNG.java:1109)
at org.testng.TestNG.runSuites(TestNG.java:1039)
at org.testng.TestNG.run(TestNG.java:1007)
at org.testng.remote.AbstractRemoteTestNG.run(AbstractRemoteTestNG.java:115)
at org.testng.remote.RemoteTestNG.initAndRun(RemoteTestNG.java:251)
at org.testng.remote.RemoteTestNG.main(RemoteTestNG.java:77)
]]>
    </failure>
  </testcase> <!-- validateMyProfilePage_ProfileLink_Add_URL_AddSite_Button_Functionality_With_ExistingData -->
  <system-out/>
  <testcase name="validateMyProfilePage_ProfileLink_Add_URL_AddSite_Button_Functionality_With_Valid_URL_Format_And_Description" time="10.038" classname="Pages_Test.MyProfilePage_Tests"/>
  <system-out/>
  <testcase name="validateMyProfilePage_Components_Label_Text_LastName" time="9.238" classname="Pages_Test.MyProfilePage_Tests"/>
  <system-out/>
  <testcase name="validateMyProfilePage_Components_Visibility_GrAvatarLink" time="25.147" classname="Pages_Test.MyProfilePage_Tests"/>
  <system-out/>
  <testcase name="validateMyProfilePage_Components_Visibility_AddProfile_AddWordPressSite_Button" time="8.890" classname="Pages_Test.MyProfilePage_Tests"/>
  <system-out/>
  <testcase name="validateMyProfilePage_Components_Editable_DisplayName_Field" time="9.270" classname="Pages_Test.MyProfilePage_Tests"/>
  <system-out/>
  <testcase name="validateMyProfilePage_Components_Visibility_DisplayName_Field" time="9.443" classname="Pages_Test.MyProfilePage_Tests"/>
  <system-out/>
  <testcase name="validateMyProfilePage_Components_DisplayName_With_SpecialCharacters" time="11.446" classname="Pages_Test.MyProfilePage_Tests"/>
  <system-out/>
  <testcase name="validateMyProfilePage_ProfileLink_Add_URL_AddSite_Button_isEnabled" time="9.809" classname="Pages_Test.MyProfilePage_Tests"/>
  <system-out/>
  <testcase name="validateMyProfilePage_Components_Editable_FirstName_Field" time="8.994" classname="Pages_Test.MyProfilePage_Tests"/>
  <system-out/>
  <testcase name="validateMyProfilePageTitle" time="9.872" classname="Pages_Test.MyProfilePage_Tests"/>
  <system-out/>
  <testcase name="validateMyProfilePage_NoURLText_Visibility_Before_ProfileLink_Add_URL_AddSite_Functionality" time="23.899" classname="Pages_Test.MyProfilePage_Tests"/>
  <system-out/>
  <testcase name="validateMyProfilePage_ProfileLink_Add_URL_AddSite_Button_isEnabled_With_Invalide_URL_Format" time="9.649" classname="Pages_Test.MyProfilePage_Tests"/>
  <system-out/>
  <testcase name="validateMyProfilePage_Links_GrAvatarLoginLink" time="11.145" classname="Pages_Test.MyProfilePage_Tests"/>
  <system-out/>
  <testcase name="validateMyProfilePage_Components_Label_Text_DisplayName" time="9.917" classname="Pages_Test.MyProfilePage_Tests"/>
  <system-out/>
  <testcase name="validateMyProfilePage_Components_Visibility_FirstName_Field" time="10.056" classname="Pages_Test.MyProfilePage_Tests"/>
  <system-out/>
  <testcase name="validateMyProfilePage_SaveDetailsButton_Functionality_Default" time="8.902" classname="Pages_Test.MyProfilePage_Tests"/>
  <system-out/>
  <testcase name="validateMyProfilePage_Components_Editable_Description_Field" time="8.950" classname="Pages_Test.MyProfilePage_Tests"/>
  <system-out/>
  <testcase name="validateMyProfilePage_Components_FirstName_Field_Accepts_Values" time="9.119" classname="Pages_Test.MyProfilePage_Tests"/>
  <system-out/>
  <testcase name="validateMyProfilePage_Components_Visibility_HelpButton" time="10.886" classname="Pages_Test.MyProfilePage_Tests"/>
  <system-out/>
  <testcase name="validateMyProfilePage_Components_Visibility_ToggleButton" time="9.663" classname="Pages_Test.MyProfilePage_Tests">
    <failure type="java.lang.AssertionError" message="expected [true] but found [false]">
      <![CDATA[java.lang.AssertionError: expected [true] but found [false]
at org.testng.Assert.fail(Assert.java:97)
at org.testng.Assert.failNotEquals(Assert.java:969)
at org.testng.Assert.assertTrue(Assert.java:43)
at org.testng.Assert.assertTrue(Assert.java:53)
at Pages_Test.MyProfilePage_Tests.validateMyProfilePage_Components_Visibility_ToggleButton(MyProfilePage_Tests.java:84)
at sun.reflect.NativeMethodAccessorImpl.invoke0(Native Method)
at sun.reflect.NativeMethodAccessorImpl.invoke(NativeMethodAccessorImpl.java:62)
at sun.reflect.DelegatingMethodAccessorImpl.invoke(DelegatingMethodAccessorImpl.java:43)
at java.lang.reflect.Method.invoke(Method.java:498)
at org.testng.internal.MethodInvocationHelper.invokeMethod(MethodInvocationHelper.java:134)
at org.testng.internal.TestInvoker.invokeMethod(TestInvoker.java:597)
at org.testng.internal.TestInvoker.invokeTestMethod(TestInvoker.java:173)
at org.testng.internal.MethodRunner.runInSequence(MethodRunner.java:46)
at org.testng.internal.TestInvoker$MethodInvocationAgent.invoke(TestInvoker.java:816)
at org.testng.internal.TestInvoker.invokeTestMethods(TestInvoker.java:146)
at org.testng.internal.TestMethodWorker.invokeTestMethods(TestMethodWorker.java:146)
at org.testng.internal.TestMethodWorker.run(TestMethodWorker.java:128)
at java.util.ArrayList.forEach(ArrayList.java:1249)
at org.testng.TestRunner.privateRun(TestRunner.java:766)
at org.testng.TestRunner.run(TestRunner.java:587)
at org.testng.SuiteRunner.runTest(SuiteRunner.java:384)
at org.testng.SuiteRunner.runSequentially(SuiteRunner.java:378)
at org.testng.SuiteRunner.privateRun(SuiteRunner.java:337)
at org.testng.SuiteRunner.run(SuiteRunner.java:286)
at org.testng.SuiteRunnerWorker.runSuite(SuiteRunnerWorker.java:53)
at org.testng.SuiteRunnerWorker.run(SuiteRunnerWorker.java:96)
at org.testng.TestNG.runSuitesSequentially(TestNG.java:1187)
at org.testng.TestNG.runSuitesLocally(TestNG.java:1109)
at org.testng.TestNG.runSuites(TestNG.java:1039)
at org.testng.TestNG.run(TestNG.java:1007)
at org.testng.remote.AbstractRemoteTestNG.run(AbstractRemoteTestNG.java:115)
at org.testng.remote.RemoteTestNG.initAndRun(RemoteTestNG.java:251)
at org.testng.remote.RemoteTestNG.main(RemoteTestNG.java:77)
]]>
    </failure>
  </testcase> <!-- validateMyProfilePage_Components_Visibility_ToggleButton -->
  <system-out/>
  <testcase name="validateMyProfilePage_Links_GrAvatarProfileLink" time="11.182" classname="Pages_Test.MyProfilePage_Tests">
    <failure type="java.lang.AssertionError" message="expected [https://en.gravatar.com/] but found [https://en.gravatar.com/sandeeppuppala12]">
      <![CDATA[java.lang.AssertionError: expected [https://en.gravatar.com/] but found [https://en.gravatar.com/sandeeppuppala12]
at org.testng.Assert.fail(Assert.java:97)
at org.testng.Assert.assertEqualsImpl(Assert.java:136)
at org.testng.Assert.assertEquals(Assert.java:118)
at org.testng.Assert.assertEquals(Assert.java:575)
at org.testng.Assert.assertEquals(Assert.java:585)
at Pages_Test.MyProfilePage_Tests.validateMyProfilePage_Links_GrAvatarProfileLink(MyProfilePage_Tests.java:260)
at sun.reflect.NativeMethodAccessorImpl.invoke0(Native Method)
at sun.reflect.NativeMethodAccessorImpl.invoke(NativeMethodAccessorImpl.java:62)
at sun.reflect.DelegatingMethodAccessorImpl.invoke(DelegatingMethodAccessorImpl.java:43)
at java.lang.reflect.Method.invoke(Method.java:498)
at org.testng.internal.MethodInvocationHelper.invokeMethod(MethodInvocationHelper.java:134)
at org.testng.internal.TestInvoker.invokeMethod(TestInvoker.java:597)
at org.testng.internal.TestInvoker.invokeTestMethod(TestInvoker.java:173)
at org.testng.internal.MethodRunner.runInSequence(MethodRunner.java:46)
at org.testng.internal.TestInvoker$MethodInvocationAgent.invoke(TestInvoker.java:816)
at org.testng.internal.TestInvoker.invokeTestMethods(TestInvoker.java:146)
at org.testng.internal.TestMethodWorker.invokeTestMethods(TestMethodWorker.java:146)
at org.testng.internal.TestMethodWorker.run(TestMethodWorker.java:128)
at java.util.ArrayList.forEach(ArrayList.java:1249)
at org.testng.TestRunner.privateRun(TestRunner.java:766)
at org.testng.TestRunner.run(TestRunner.java:587)
at org.testng.SuiteRunner.runTest(SuiteRunner.java:384)
at org.testng.SuiteRunner.runSequentially(SuiteRunner.java:378)
at org.testng.SuiteRunner.privateRun(SuiteRunner.java:337)
at org.testng.SuiteRunner.run(SuiteRunner.java:286)
at org.testng.SuiteRunnerWorker.runSuite(SuiteRunnerWorker.java:53)
at org.testng.SuiteRunnerWorker.run(SuiteRunnerWorker.java:96)
at org.testng.TestNG.runSuitesSequentially(TestNG.java:1187)
at org.testng.TestNG.runSuitesLocally(TestNG.java:1109)
at org.testng.TestNG.runSuites(TestNG.java:1039)
at org.testng.TestNG.run(TestNG.java:1007)
at org.testng.remote.AbstractRemoteTestNG.run(AbstractRemoteTestNG.java:115)
at org.testng.remote.RemoteTestNG.initAndRun(RemoteTestNG.java:251)
at org.testng.remote.RemoteTestNG.main(RemoteTestNG.java:77)
]]>
    </failure>
  </testcase> <!-- validateMyProfilePage_Links_GrAvatarProfileLink -->
  <system-out/>
  <testcase name="validateMyProfilePage_Components_Visibility_LastName_Field" time="9.821" classname="Pages_Test.MyProfilePage_Tests"/>
  <system-out/>
  <testcase name="validateMyProfilePage_Components_Visibility_GravatarProfileDeleteLink" time="8.981" classname="Pages_Test.MyProfilePage_Tests"/>
  <system-out/>
  <testcase name="validateMyProfilePage_Components_Visibility_AddProfile_AddURL_Button" time="9.197" classname="Pages_Test.MyProfilePage_Tests"/>
  <system-out/>
  <testcase name="validateMyProfilePage_Components_PhotoStatus_Description_Message" time="9.012" classname="Pages_Test.MyProfilePage_Tests"/>
  <system-out/>
  <testcase name="validateMyProfilePage_SaveDetailsButton_Functionality_Change_Toggle_Button" time="8.643" classname="Pages_Test.MyProfilePage_Tests"/>
  <system-out/>
  <testcase name="validateMyProfilePage_ProfileLink_Add_URL_AddSite_Button_isEnabled_With_Valid_URL_Format_And_Description" time="9.958" classname="Pages_Test.MyProfilePage_Tests"/>
  <system-out/>
  <testcase name="validateMyProfilePage_Components_Description_Field_Accepts_Values" time="9.964" classname="Pages_Test.MyProfilePage_Tests"/>
  <system-out/>
  <testcase name="validateMyProfilePage_ProfileLink_Add_WordPressSite_Functionality" time="10.524" classname="Pages_Test.MyProfilePage_Tests"/>
  <system-out/>
  <testcase name="validateMyProfilePage_Components_LastName_Field_Accepts_Values" time="9.139" classname="Pages_Test.MyProfilePage_Tests"/>
  <system-out/>
  <testcase name="validateMyProfilePage_Components_Visibility_Description_Field" time="8.892" classname="Pages_Test.MyProfilePage_Tests"/>
  <system-out/>
  <testcase name="validateMyProfilePage_SaveDetailsButton_Functionality_AnyText_Field_Space" time="8.708" classname="Pages_Test.MyProfilePage_Tests"/>
  <system-out/>
  <testcase name="validateMyProfilePage_Components_Label_Text_Description" time="9.178" classname="Pages_Test.MyProfilePage_Tests"/>
  <system-out/>
  <testcase name="validateMyProfilePage_Components_Visibility_ChangePhotoLink" time="8.631" classname="Pages_Test.MyProfilePage_Tests"/>
  <system-out/>
  <testcase name="validateMyProfilePage_ProfileLink_Add_URL_AddedSite_Delete_Functionality" time="9.021" classname="Pages_Test.MyProfilePage_Tests">
    <failure type="java.lang.AssertionError" message="expected [false] but found [true]">
      <![CDATA[java.lang.AssertionError: expected [false] but found [true]
at org.testng.Assert.fail(Assert.java:97)
at org.testng.Assert.failNotEquals(Assert.java:969)
at org.testng.Assert.assertFalse(Assert.java:65)
at org.testng.Assert.assertFalse(Assert.java:75)
at Pages_Test.MyProfilePage_Tests.validateMyProfilePage_ProfileLink_Add_URL_AddedSite_Delete_Functionality(MyProfilePage_Tests.java:397)
at sun.reflect.NativeMethodAccessorImpl.invoke0(Native Method)
at sun.reflect.NativeMethodAccessorImpl.invoke(NativeMethodAccessorImpl.java:62)
at sun.reflect.DelegatingMethodAccessorImpl.invoke(DelegatingMethodAccessorImpl.java:43)
at java.lang.reflect.Method.invoke(Method.java:498)
at org.testng.internal.MethodInvocationHelper.invokeMethod(MethodInvocationHelper.java:134)
at org.testng.internal.TestInvoker.invokeMethod(TestInvoker.java:597)
at org.testng.internal.TestInvoker.invokeTestMethod(TestInvoker.java:173)
at org.testng.internal.MethodRunner.runInSequence(MethodRunner.java:46)
at org.testng.internal.TestInvoker$MethodInvocationAgent.invoke(TestInvoker.java:816)
at org.testng.internal.TestInvoker.invokeTestMethods(TestInvoker.java:146)
at org.testng.internal.TestMethodWorker.invokeTestMethods(TestMethodWorker.java:146)
at org.testng.internal.TestMethodWorker.run(TestMethodWorker.java:128)
at java.util.ArrayList.forEach(ArrayList.java:1249)
at org.testng.TestRunner.privateRun(TestRunner.java:766)
at org.testng.TestRunner.run(TestRunner.java:587)
at org.testng.SuiteRunner.runTest(SuiteRunner.java:384)
at org.testng.SuiteRunner.runSequentially(SuiteRunner.java:378)
at org.testng.SuiteRunner.privateRun(SuiteRunner.java:337)
at org.testng.SuiteRunner.run(SuiteRunner.java:286)
at org.testng.SuiteRunnerWorker.runSuite(SuiteRunnerWorker.java:53)
at org.testng.SuiteRunnerWorker.run(SuiteRunnerWorker.java:96)
at org.testng.TestNG.runSuitesSequentially(TestNG.java:1187)
at org.testng.TestNG.runSuitesLocally(TestNG.java:1109)
at org.testng.TestNG.runSuites(TestNG.java:1039)
at org.testng.TestNG.run(TestNG.java:1007)
at org.testng.remote.AbstractRemoteTestNG.run(AbstractRemoteTestNG.java:115)
at org.testng.remote.RemoteTestNG.initAndRun(RemoteTestNG.java:251)
at org.testng.remote.RemoteTestNG.main(RemoteTestNG.java:77)
]]>
    </failure>
  </testcase> <!-- validateMyProfilePage_ProfileLink_Add_URL_AddedSite_Delete_Functionality -->
  <system-out/>
  <testcase name="validateMyProfilePage_SaveDetailsButton_Functionality_Assert_Saved_Data" time="8.843" classname="Pages_Test.MyProfilePage_Tests"/>
  <system-out/>
  <testcase name="validateMyProfilePage_Components_Display_Field_Accepts_Values" time="9.099" classname="Pages_Test.MyProfilePage_Tests"/>
  <system-out/>
  <testcase name="validateMyProfilePage_Components_Visibility_SaveDetailsButton" time="9.940" classname="Pages_Test.MyProfilePage_Tests"/>
  <system-out/>
  <testcase name="validateMyProfilePage_SaveDetailsButton_Functionality_Enter_FirstName" time="23.936" classname="Pages_Test.MyProfilePage_Tests"/>
  <system-out/>
  <testcase name="validateMyProfilePage_Components_Visibility_AddProfileButton" time="8.674" classname="Pages_Test.MyProfilePage_Tests"/>
  <system-out/>
  <testcase name="validateMyProfilePage_Components_Editable_LastName_Field" time="9.018" classname="Pages_Test.MyProfilePage_Tests"/>
  <system-out/>
</testsuite> <!-- Pages_Test.MyProfilePage_Tests -->
